build/app/outputs/mapping/release/mapping.txt
# compiler: R8
# compiler_version: 1.5.64
# min_api: 16
# pg_map_id: 17ccd5b
com.example.motivationalthoughts.MainActivity -> com.example.motivationalthoughts.MainActivity:
    void configureFlutterEngine(io.flutter.embedding.engine.FlutterEngine) -> b
...
com.google.android.gms.internal.measurement.zzgf -> c.c.a.b.e.f.m5:
    com.google.android.gms.internal.measurement.zzgn[] zza -> a
    boolean zza(java.lang.Class) -> a
    com.google.android.gms.internal.measurement.zzgk zzb(java.lang.Class) -> b
com.google.android.gms.internal.measurement.zzgg -> c.c.a.b.e.f.n5:
    com.google.android.gms.internal.measurement.zzgg zzb -> b
    boolean zza -> a
    int zza(java.lang.Object) -> a
    void zza(com.google.android.gms.internal.measurement.zzgg) -> a
    com.google.android.gms.internal.measurement.zzgg zzb() -> a
    void zzc() -> b
    boolean zzd() -> c
    com.google.android.gms.internal.measurement.zzgg zza() -> d
    void zze() -> e
com.google.android.gms.internal.measurement.zzgh -> c.c.a.b.e.f.o5:
com.google.android.gms.internal.measurement.zzgi -> c.c.a.b.e.f.p5:
    int zza(int,java.lang.Object,java.lang.Object) -> a
    java.lang.Object zza(java.lang.Object,java.lang.Object) -> a
    java.util.Map zza(java.lang.Object) -> a
    boolean zzd(java.lang.Object) -> b
    java.util.Map zzc(java.lang.Object) -> c
    com.google.android.gms.internal.measurement.zzgh zzb(java.lang.Object) -> d
    java.lang.Object zzf(java.lang.Object) -> e
    java.lang.Object zze(java.lang.Object) -> f
com.google.android.gms.internal.measurement.zzgj -> c.c.a.b.e.f.q5:
    int zza(int,java.lang.Object,java.lang.Object) -> a
    java.lang.Object zza(java.lang.Object,java.lang.Object) -> a
    java.util.Map zza(java.lang.Object) -> a
    boolean zzd(java.lang.Object) -> b
    java.util.Map zzc(java.lang.Object) -> c
    com.google.android.gms.internal.measurement.zzgh zzb(java.lang.Object) -> d
    java.lang.Object zzf(java.lang.Object) -> e
    java.lang.Object zze(java.lang.Object) -> f
com.google.android.gms.internal.measurement.zzgk -> c.c.a.b.e.f.r5:
    int zza() -> f
    boolean zzb() -> g
    com.google.android.gms.internal.measurement.zzgm zzc() -> i
com.google.android.gms.internal.measurement.zzgl -> c.c.a.b.e.f.s5:
    com.google.android.gms.internal.measurement.zzgj zzb -> b
    com.google.android.gms.internal.measurement.zzgj zza -> a
    com.google.android.gms.internal.measurement.zzgj zza() -> a
    com.google.android.gms.internal.measurement.zzgj zzb() -> b
    com.google.android.gms.internal.measurement.zzgj zzc() -> c
com.google.android.gms.internal.measurement.zzgm -> c.c.a.b.e.f.t5:
    void zza(com.google.android.gms.internal.measurement.zzel) -> a
    int zzbm() -> b
    com.google.android.gms.internal.measurement.zzgp zzbq() -> c
    com.google.android.gms.internal.measurement.zzdw zzbh() -> d
    com.google.android.gms.internal.measurement.zzgp zzbr() -> e
com.google.android.gms.internal.measurement.zzgn -> c.c.a.b.e.f.u5:
    boolean zza(java.lang.Class) -> a
    com.google.android.gms.internal.measurement.zzgk zzb(java.lang.Class) -> b
com.google.android.gms.internal.measurement.zzgo -> c.c.a.b.e.f.v5:
    com.google.android.gms.internal.measurement.zzgm h_() -> a
com.google.android.gms.internal.measurement.zzgp -> c.c.a.b.e.f.w5:
    com.google.android.gms.internal.measurement.zzgp zza(com.google.android.gms.internal.measurement.zzgm) -> a
    com.google.android.gms.internal.measurement.zzgp zza(byte[]) -> a
    com.google.android.gms.internal.measurement.zzgp zza(byte[],com.google.android.gms.internal.measurement.zzer) -> a
    com.google.android.gms.internal.measurement.zzgm zzu() -> j